<?xml version="1.0" encoding="UTF-8"?>
<!-- Generated by org.testng.reporters.JUnitReportReporter -->
<testsuite hostname="DESKTOP-C7M0M6B" failures="0" tests="1" name="com.saucelabtestscripts.SauceLabTestScript" time="29.077" errors="0" timestamp="2023-07-07T12:35:37 IST" skipped="0">
  <testcase classname="com.saucelabtestscripts.SauceLabTestScript" name="allMethods" time="29.077"/>
  <system-out/>
</testsuite> <!-- com.saucelabtestscripts.SauceLabTestScript -->
